<?xml version="1.0" encoding="UTF-8"?>
<!-- Generated by org.testng.reporters.JUnitReportReporter -->
<testsuite skipped="0" hostname="Admin-PC" name="com.main.Base" tests="1" failures="0" timestamp="05 Jan 2019 05:49:32 GMT" time="8.334" errors="0">
  <testcase name="BrowserInit" time="8.334" classname="com.main.Base"/>
</testsuite> <!-- com.main.Base -->
