<?xml version="1.0" encoding="UTF-8"?>
<!-- Generated by org.testng.reporters.JUnitReportReporter -->
<testsuite skipped="0" hostname="Admin-PC" name="com.util.WriteData" tests="1" failures="0" timestamp="07 Jan 2019 07:40:42 GMT" time="0.920" errors="0">
  <testcase name="WriteDatainExcel" time="0.920" classname="com.util.WriteData"/>
</testsuite> <!-- com.util.WriteData -->
