<?xml version="1.0" encoding="UTF-8"?>
<!-- Generated by org.testng.reporters.JUnitReportReporter -->
<testsuite skipped="0" hostname="Admin-PC" name="com.util.UploadFile" tests="1" failures="0" timestamp="08 Jan 2019 06:05:20 GMT" time="8.910" errors="0">
  <testcase name="fileUpload" time="8.910" classname="com.util.UploadFile"/>
</testsuite> <!-- com.util.UploadFile -->
