<?xml version="1.0" encoding="UTF-8"?>
<!-- Generated by org.testng.reporters.JUnitReportReporter -->
<testsuite skipped="0" hostname="Admin-PC" name="com.test.AddPatientData" tests="1" failures="0" timestamp="21 May 2019 11:39:27 GMT" time="7.852" errors="0">
  <testcase name="AddData" time="7.852" classname="com.test.AddPatientData"/>
</testsuite> <!-- com.test.AddPatientData -->
