<?xml version="1.0" encoding="UTF-8"?>
<!-- Generated by org.testng.reporters.JUnitReportReporter -->
<testsuite skipped="0" hostname="Admin-PC" name="com.screenshot.AddpatientScreeshot" tests="1" failures="0" timestamp="07 Jan 2019 05:59:31 GMT" time="8.089" errors="0">
  <testcase name="captureScreenshot" time="8.089" classname="com.screenshot.AddpatientScreeshot"/>
</testsuite> <!-- com.screenshot.AddpatientScreeshot -->
