<?xml version="1.0" encoding="UTF-8"?>
<!-- Generated by org.testng.reporters.JUnitReportReporter -->
<testsuite skipped="0" hostname="Admin-PC" name="Register.RegisterPageTest" tests="3" failures="0" timestamp="11 Jan 2019 13:27:21 GMT" time="14.088" errors="0">
  <testcase name="ComponentDisplayed" time="1.087" classname="Register.RegisterPageTest"/>
  <testcase name="RegistertestwithoutAnyField" time="1.127" classname="Register.RegisterPageTest"/>
  <testcase name="RegisterErrormessages" time="11.874" classname="Register.RegisterPageTest"/>
</testsuite> <!-- Register.RegisterPageTest -->
