<?xml version="1.0" encoding="UTF-8"?>
<!-- Generated by org.testng.reporters.JUnitReportReporter -->
<testsuite skipped="0" hostname="Admin-PC" name="Register.Clinic_AdminDetailsTest" tests="5" failures="0" timestamp="25 May 2019 11:50:04 GMT" time="141.317" errors="0">
  <testcase name="Login" time="0.000" classname="Register.Clinic_AdminDetailsTest"/>
  <testcase name="componentClinic_AdminDetailsStep_1_isDisplayed" time="47.539" classname="Register.Clinic_AdminDetailsTest"/>
  <testcase name="validationClinic_AdminDetailsStep_1_isDisplayed" time="31.404" classname="Register.Clinic_AdminDetailsTest"/>
  <testcase name="componentClinic_AdminDetailsStep_2_isDisplayed" time="28.602" classname="Register.Clinic_AdminDetailsTest"/>
  <testcase name="Register" time="33.772" classname="Register.Clinic_AdminDetailsTest"/>
</testsuite> <!-- Register.Clinic_AdminDetailsTest -->
