<?xml version="1.0" encoding="UTF-8"?>
<!-- Generated by org.testng.reporters.JUnitReportReporter -->
<testsuite skipped="0" hostname="Admin-PC" name="Register.CompleteRegisterClinic" tests="1" failures="0" timestamp="19 Apr 2019 13:45:08 GMT" time="48.105" errors="0">
  <testcase name="RegisterWithoutRef" time="48.105" classname="Register.CompleteRegisterClinic"/>
</testsuite> <!-- Register.CompleteRegisterClinic -->
