<?xml version="1.0" encoding="UTF-8"?>
<!-- Generated by org.testng.reporters.JUnitReportReporter -->
<testsuite skipped="0" hostname="Admin-PC" name="Register.CompleteRegisterClinic" tests="2" failures="0" timestamp="25 May 2019 11:50:04 GMT" time="50.663" errors="0">
  <testcase name="Login" time="0.065" classname="Register.CompleteRegisterClinic"/>
  <testcase name="RegisterWithoutRef" time="50.598" classname="Register.CompleteRegisterClinic"/>
</testsuite> <!-- Register.CompleteRegisterClinic -->
