<?xml version="1.0" encoding="UTF-8"?>
<!-- Generated by org.testng.reporters.JUnitReportReporter -->
<testsuite skipped="0" hostname="Admin-PC" name="AllReports.CollectionReport" tests="6" failures="0" timestamp="29 May 2019 05:14:28 GMT" time="410.902" errors="0">
  <testcase name="Login" time="31.602" classname="AllReports.CollectionReport"/>
  <testcase name="verifyPatientReport" time="149.546" classname="AllReports.CollectionReport"/>
  <testcase name="verifyCollectionstReport" time="150.593" classname="AllReports.CollectionReport"/>
  <testcase name="verifyGeneratePDFInCollectionReport" time="21.992" classname="AllReports.CollectionReport"/>
  <testcase name="Paginition" time="39.560" classname="AllReports.CollectionReport"/>
  <testcase name="verifySearchFunctionality" time="17.609" classname="AllReports.CollectionReport"/>
</testsuite> <!-- AllReports.CollectionReport -->
