<?xml version="1.0" encoding="UTF-8"?>
<!-- Generated by org.testng.reporters.JUnitReportReporter -->
<testsuite skipped="0" hostname="Admin-PC" name="loginTest.CompleteLogin" tests="2" failures="0" timestamp="25 May 2019 11:50:04 GMT" time="34.281" errors="0">
  <testcase name="LoginComplete" time="33.617" classname="loginTest.CompleteLogin"/>
  <testcase name="Logout" time="0.664" classname="loginTest.CompleteLogin"/>
</testsuite> <!-- loginTest.CompleteLogin -->
