<?xml version="1.0" encoding="UTF-8"?>
<!-- Generated by org.testng.reporters.JUnitReportReporter -->
<testsuite skipped="0" hostname="Admin-PC" name="Transaction.CollectionAndExpendituree" tests="2" failures="0" timestamp="25 May 2019 12:05:53 GMT" time="53.213" errors="0">
  <testcase name="Login" time="33.277" classname="Transaction.CollectionAndExpendituree"/>
  <testcase name="UnselectOWNInventory" time="19.936" classname="Transaction.CollectionAndExpendituree"/>
</testsuite> <!-- Transaction.CollectionAndExpendituree -->
