<?xml version="1.0" encoding="UTF-8"?>
<!-- Generated by org.testng.reporters.JUnitReportReporter -->
<testsuite skipped="0" hostname="Admin-PC" name="pages.ReadExcel" tests="1" failures="0" timestamp="04 Jan 2019 06:12:41 GMT" time="0.701" errors="0">
  <testcase name="ExcelData" time="0.701" classname="pages.ReadExcel"/>
</testsuite> <!-- pages.ReadExcel -->
