<?xml version="1.0" encoding="UTF-8"?>
<!-- Generated by org.testng.reporters.JUnitReportReporter -->
<testsuite skipped="0" hostname="Admin-PC" name="Appointment.ValidationOnAddPatientPage" tests="2" failures="0" timestamp="17 Apr 2019 13:26:05 GMT" time="75.074" errors="0">
  <testcase name="Login" time="24.232" classname="Appointment.ValidationOnAddPatientPage"/>
  <testcase name="SearchFunctionalityOnAppointmentPage" time="50.842" classname="Appointment.ValidationOnAddPatientPage"/>
</testsuite> <!-- Appointment.ValidationOnAddPatientPage -->
