<?xml version="1.0" encoding="UTF-8"?>
<!-- Generated by org.testng.reporters.JUnitReportReporter -->
<testsuite skipped="0" hostname="Admin-PC" name="Setting.MyProfile" tests="2" failures="0" timestamp="29 May 2019 05:14:28 GMT" time="60.593" errors="0">
  <testcase name="Login" time="35.189" classname="Setting.MyProfile"/>
  <testcase name="EditMyProFile" time="25.404" classname="Setting.MyProfile"/>
</testsuite> <!-- Setting.MyProfile -->
