<?xml version="1.0" encoding="UTF-8"?>
<!-- Generated by org.testng.reporters.JUnitReportReporter -->
<testsuite skipped="0" hostname="Admin-PC" name="AllReports.BookingTypeReport" tests="6" failures="0" timestamp="29 May 2019 05:14:28 GMT" time="141.466" errors="0">
  <testcase name="Login" time="32.756" classname="AllReports.BookingTypeReport"/>
  <testcase name="Paginition" time="41.513" classname="AllReports.BookingTypeReport"/>
  <testcase name="SelectDirectBookingTypeAndVerify" time="16.028" classname="AllReports.BookingTypeReport"/>
  <testcase name="SelectONCALLBookingTypeAndVerify" time="16.578" classname="AllReports.BookingTypeReport"/>
  <testcase name="SelectONLINEBookingTypeAndVerify" time="16.878" classname="AllReports.BookingTypeReport"/>
  <testcase name="selectALLBookTypeAdnVerify" time="17.713" classname="AllReports.BookingTypeReport"/>
</testsuite> <!-- AllReports.BookingTypeReport -->
