<?xml version="1.0" encoding="UTF-8"?>
<!-- Generated by org.testng.reporters.JUnitReportReporter -->
<testsuite skipped="0" hostname="Admin-PC" name="FollowUpPriscription.followUpPriscription" tests="2" failures="0" timestamp="27 May 2019 03:51:03 GMT" time="195.168" errors="0">
  <testcase name="Login" time="33.243" classname="FollowUpPriscription.followUpPriscription"/>
  <testcase name="HappyFlowFromAddpatientToBilling" time="161.925" classname="FollowUpPriscription.followUpPriscription"/>
</testsuite> <!-- FollowUpPriscription.followUpPriscription -->
