<?xml version="1.0" encoding="UTF-8"?>
<!-- Generated by org.testng.reporters.JUnitReportReporter -->
<testsuite skipped="0" hostname="Admin-PC" name="Trenment.treatmentSettingTest" tests="9" failures="0" timestamp="27 May 2019 04:13:31 GMT" time="244.067" errors="0">
  <testcase name="Login" time="32.920" classname="Trenment.treatmentSettingTest"/>
  <testcase name="HappyFlowFromAddpatientToBilling" time="90.947" classname="Trenment.treatmentSettingTest"/>
  <testcase name="verifyAllCheckboxSelectedProper" time="14.148" classname="Trenment.treatmentSettingTest"/>
  <testcase name="verifyPulsesckboxIsNotSelected" time="15.393" classname="Trenment.treatmentSettingTest"/>
  <testcase name="verifyBloodcheckboxIsNotSelected" time="14.241" classname="Trenment.treatmentSettingTest"/>
  <testcase name="verifyTempCheckboxIsNotSelected" time="15.425" classname="Trenment.treatmentSettingTest"/>
  <testcase name="verifyR_RCheckboxIsNotSelected" time="13.773" classname="Trenment.treatmentSettingTest"/>
  <testcase name="verifyK_C_O_CheckboxisNotSelected" time="14.913" classname="Trenment.treatmentSettingTest"/>
  <testcase name="verifyCancaelButton" time="32.307" classname="Trenment.treatmentSettingTest"/>
</testsuite> <!-- Trenment.treatmentSettingTest -->
