<?xml version="1.0" encoding="UTF-8"?>
<!-- Generated by org.testng.reporters.JUnitReportReporter -->
<testsuite skipped="0" hostname="Admin-PC" name="Master.FeesStructure" tests="5" failures="0" timestamp="29 May 2019 05:14:28 GMT" time="96.424" errors="0">
  <testcase name="Login" time="32.703" classname="Master.FeesStructure"/>
  <testcase name="AddFeesStructurel" time="17.920" classname="Master.FeesStructure"/>
  <testcase name="verifynewFeesstructure" time="12.073" classname="Master.FeesStructure"/>
  <testcase name="EditnewFeesstructure" time="16.128" classname="Master.FeesStructure"/>
  <testcase name="deletenewFeesstructure" time="17.600" classname="Master.FeesStructure"/>
</testsuite> <!-- Master.FeesStructure -->
