<?xml version="1.0" encoding="UTF-8"?>
<!-- Generated by org.testng.reporters.JUnitReportReporter -->
<testsuite skipped="0" hostname="Admin-PC" name="org.json.json.PatientData" tests="2" failures="0" timestamp="03 Jan 2019 12:57:16 GMT" time="10.734" errors="0">
  <testcase name="PatientDataWri" time="9.725" classname="org.json.json.PatientData"/>
  <testcase name="ExcelData" time="1.009" classname="org.json.json.PatientData"/>
</testsuite> <!-- org.json.json.PatientData -->
