<?xml version="1.0" encoding="UTF-8"?>
<!-- Generated by org.testng.reporters.JUnitReportReporter -->
<testsuite skipped="0" hostname="Admin-PC" name="Master.AddNewEmployeeTest" tests="2" failures="0" timestamp="29 May 2019 05:14:28 GMT" time="46.518" errors="0">
  <testcase name="Login" time="33.388" classname="Master.AddNewEmployeeTest"/>
  <testcase name="addEmployee" time="13.130" classname="Master.AddNewEmployeeTest"/>
</testsuite> <!-- Master.AddNewEmployeeTest -->
