<?xml version="1.0" encoding="UTF-8"?>
<!-- Generated by org.testng.reporters.JUnitReportReporter -->
<testsuite skipped="0" hostname="Admin-PC" name="Register.PaymentRegister" tests="3" failures="0" timestamp="29 May 2019 05:14:28 GMT" time="87.316" errors="0">
  <testcase name="Login" time="0.000" classname="Register.PaymentRegister"/>
  <testcase name="PayLaterPaymentRegisterpage" time="43.709" classname="Register.PaymentRegister"/>
  <testcase name="PayNowPaymentRegisterpage" time="43.607" classname="Register.PaymentRegister"/>
</testsuite> <!-- Register.PaymentRegister -->
