<?xml version="1.0" encoding="UTF-8"?>
<!-- Generated by org.testng.reporters.JUnitReportReporter -->
<testsuite skipped="0" hostname="Admin-PC" name="Attendence.attendenceOperations" tests="10" failures="0" timestamp="25 May 2019 11:50:04 GMT" time="173.098" errors="0">
  <testcase name="Login" time="33.288" classname="Attendence.attendenceOperations"/>
  <testcase name="attendenceMenusandComponents" time="9.259" classname="Attendence.attendenceOperations"/>
  <testcase name="attendenceclockInDaily" time="10.894" classname="Attendence.attendenceOperations"/>
  <testcase name="attendenceMonthly" time="15.087" classname="Attendence.attendenceOperations"/>
  <testcase name="verifyClockInmapWithEmpNAme" time="17.954" classname="Attendence.attendenceOperations"/>
  <testcase name="verifyDeleteInMonthlyattendenc" time="27.143" classname="Attendence.attendenceOperations"/>
  <testcase name="verifyCheckOutmapWithEmpNAme" time="13.710" classname="Attendence.attendenceOperations"/>
  <testcase name="verifyEditFunctionalistofMonthly" time="12.027" classname="Attendence.attendenceOperations"/>
  <testcase name="verifyEditAndUpdateFunctionalistofMonthly" time="33.583" classname="Attendence.attendenceOperations"/>
  <testcase name="closebow" time="0.153" classname="Attendence.attendenceOperations"/>
</testsuite> <!-- Attendence.attendenceOperations -->
