<?xml version="1.0" encoding="UTF-8"?>
<!-- Generated by org.testng.reporters.JUnitReportReporter -->
<testsuite skipped="0" hostname="Admin-PC" name="Master.FeesStructure" tests="5" failures="0" timestamp="15 May 2019 08:32:12 GMT" time="99.802" errors="0">
  <testcase name="Login" time="35.385" classname="Master.FeesStructure"/>
  <testcase name="AddFeesStructurel" time="16.737" classname="Master.FeesStructure"/>
  <testcase name="verifynewFeesstructure" time="11.939" classname="Master.FeesStructure"/>
  <testcase name="EditnewFeesstructure" time="15.649" classname="Master.FeesStructure"/>
  <testcase name="deletenewFeesstructure" time="20.092" classname="Master.FeesStructure"/>
</testsuite> <!-- Master.FeesStructure -->
