<?xml version="1.0" encoding="UTF-8"?>
<!-- Generated by org.testng.reporters.JUnitReportReporter -->
<testsuite skipped="0" hostname="Admin-PC" name="Master.AddBranch" tests="3" failures="0" timestamp="15 May 2019 09:37:23 GMT" time="48.365" errors="0">
  <testcase name="Login" time="35.042" classname="Master.AddBranch"/>
  <testcase name="AddnewBranch" time="2.006" classname="Master.AddBranch"/>
  <testcase name="VerifyAddedBranch" time="11.317" classname="Master.AddBranch"/>
</testsuite> <!-- Master.AddBranch -->
