<?xml version="1.0" encoding="UTF-8"?>
<!-- Generated by org.testng.reporters.JUnitReportReporter -->
<testsuite skipped="0" hostname="Admin-PC" name="Master.AddNewEmployeeTest" tests="2" failures="0" timestamp="25 Apr 2019 07:20:36 GMT" time="63.555" errors="0">
  <testcase name="Login" time="28.394" classname="Master.AddNewEmployeeTest"/>
  <testcase name="addEmployee" time="35.161" classname="Master.AddNewEmployeeTest"/>
</testsuite> <!-- Master.AddNewEmployeeTest -->
