<?xml version="1.0" encoding="UTF-8"?>
<!-- Generated by org.testng.reporters.JUnitReportReporter -->
<testsuite skipped="0" hostname="Admin-PC" name="loginTest.CompleteLogin" tests="2" failures="0" timestamp="29 May 2019 05:14:28 GMT" time="34.750" errors="0">
  <testcase name="LoginComplete" time="34.154" classname="loginTest.CompleteLogin"/>
  <testcase name="Logout" time="0.596" classname="loginTest.CompleteLogin"/>
</testsuite> <!-- loginTest.CompleteLogin -->
