<?xml version="1.0" encoding="UTF-8"?>
<!-- Generated by org.testng.reporters.JUnitReportReporter -->
<testsuite skipped="0" hostname="Admin-PC" name="inventoryOFClicnic.Vendor_test" tests="4" failures="0" timestamp="15 May 2019 03:59:35 GMT" time="110.625" errors="0">
  <testcase name="Login" time="35.386" classname="inventoryOFClicnic.Vendor_test"/>
  <testcase name="addVendor" time="42.549" classname="inventoryOFClicnic.Vendor_test"/>
  <testcase name="verifyVendor" time="9.478" classname="inventoryOFClicnic.Vendor_test"/>
  <testcase name="EditvendorandVerifyVendor" time="23.212" classname="inventoryOFClicnic.Vendor_test"/>
</testsuite> <!-- inventoryOFClicnic.Vendor_test -->
