<?xml version="1.0" encoding="UTF-8"?>
<!-- Generated by org.testng.reporters.JUnitReportReporter -->
<testsuite skipped="0" hostname="Admin-PC" name="Register.RegisterPageTest" tests="1" failures="0" timestamp="19 Apr 2019 13:45:08 GMT" time="0.859" errors="0">
  <testcase name="ComponentDisplayed" time="0.859" classname="Register.RegisterPageTest"/>
</testsuite> <!-- Register.RegisterPageTest -->
