<?xml version="1.0" encoding="UTF-8"?>
<!-- Generated by org.testng.reporters.JUnitReportReporter -->
<testsuite skipped="0" hostname="Admin-PC" name="AllReports.expenseReport" tests="5" failures="0" timestamp="29 May 2019 05:14:28 GMT" time="156.479" errors="0">
  <testcase name="Login" time="32.718" classname="AllReports.expenseReport"/>
  <testcase name="AddexpenditureandVerifyinExpenceReport" time="35.831" classname="AllReports.expenseReport"/>
  <testcase name="Paginition" time="35.845" classname="AllReports.expenseReport"/>
  <testcase name="AddexpenditureandVerifysEARCHFunctionality" time="32.444" classname="AllReports.expenseReport"/>
  <testcase name="verifyAllBookingType" time="19.641" classname="AllReports.expenseReport"/>
</testsuite> <!-- AllReports.expenseReport -->
