<?xml version="1.0" encoding="UTF-8"?>
<!-- Generated by org.testng.reporters.JUnitReportReporter -->
<testsuite skipped="0" hostname="Admin-PC" name="Master.AddBranch" tests="3" failures="0" timestamp="29 May 2019 05:14:28 GMT" time="89.300" errors="0">
  <testcase name="Login" time="32.711" classname="Master.AddBranch"/>
  <testcase name="AddnewBranch" time="46.427" classname="Master.AddBranch"/>
  <testcase name="VerifyAddedBranch" time="10.162" classname="Master.AddBranch"/>
</testsuite> <!-- Master.AddBranch -->
