<?xml version="1.0" encoding="UTF-8"?>
<!-- Generated by org.testng.reporters.JUnitReportReporter -->
<testsuite skipped="0" hostname="Admin-PC" name="AllReports.BookingTypeReport" tests="6" failures="0" timestamp="15 May 2019 05:35:54 GMT" time="139.589" errors="0">
  <testcase name="Login" time="32.697" classname="AllReports.BookingTypeReport"/>
  <testcase name="Paginition" time="41.181" classname="AllReports.BookingTypeReport"/>
  <testcase name="SelectDirectBookingTypeAndVerify" time="15.680" classname="AllReports.BookingTypeReport"/>
  <testcase name="SelectONCALLBookingTypeAndVerify" time="16.326" classname="AllReports.BookingTypeReport"/>
  <testcase name="SelectONLINEBookingTypeAndVerify" time="16.364" classname="AllReports.BookingTypeReport"/>
  <testcase name="selectALLBookTypeAdnVerify" time="17.341" classname="AllReports.BookingTypeReport"/>
</testsuite> <!-- AllReports.BookingTypeReport -->
