<?xml version="1.0" encoding="UTF-8"?>
<!-- Generated by org.testng.reporters.JUnitReportReporter -->
<testsuite skipped="0" hostname="Admin-PC" name="AllReports.expenseReport" tests="2" failures="0" timestamp="27 Apr 2019 06:01:53 GMT" time="75.761" errors="0">
  <testcase name="Login" time="38.360" classname="AllReports.expenseReport"/>
  <testcase name="verifyAllBookingType" time="37.401" classname="AllReports.expenseReport"/>
</testsuite> <!-- AllReports.expenseReport -->
