<?xml version="1.0" encoding="UTF-8"?>
<!-- Generated by org.testng.reporters.JUnitReportReporter -->
<testsuite skipped="0" hostname="Admin-PC" name="Transaction.Handover" tests="5" failures="0" timestamp="29 May 2019 05:14:28 GMT" time="126.822" errors="0">
  <testcase name="Login" time="34.083" classname="Transaction.Handover"/>
  <testcase name="addEmployee" time="12.264" classname="Transaction.Handover"/>
  <testcase name="HandoverOperations" time="34.087" classname="Transaction.Handover"/>
  <testcase name="loginAgain" time="32.230" classname="Transaction.Handover"/>
  <testcase name="verifyhandover" time="14.158" classname="Transaction.Handover"/>
</testsuite> <!-- Transaction.Handover -->
