<?xml version="1.0" encoding="UTF-8"?>
<!-- Generated by org.testng.reporters.JUnitReportReporter -->
<testsuite skipped="1" hostname="Admin-PC" name="Drclinic.PatientData" tests="1" failures="0" timestamp="04 Jan 2019 09:43:31 GMT" time="0.000" errors="0">
  <testcase name="PatientDataWri" time="0.000" classname="Drclinic.PatientData">
    <skipped/>
  </testcase> <!-- PatientDataWri -->
</testsuite> <!-- Drclinic.PatientData -->
