<?xml version="1.0" encoding="UTF-8"?>
<!-- Generated by org.testng.reporters.JUnitReportReporter -->
<testsuite skipped="0" hostname="Admin-PC" name="DashBoard.DashboardComponents" tests="8" failures="0" timestamp="28 Jan 2019 07:39:56 GMT" time="64.811" errors="0">
  <testcase name="setup" time="7.924" classname="DashBoard.DashboardComponents"/>
  <testcase name="Login" time="13.036" classname="DashBoard.DashboardComponents"/>
  <testcase name="MenuDisplayedOnDashboard" time="1.278" classname="DashBoard.DashboardComponents"/>
  <testcase name="ComponentDosplayedonDashboard" time="0.188" classname="DashBoard.DashboardComponents"/>
  <testcase name="VerifyDashboardText" time="0.500" classname="DashBoard.DashboardComponents"/>
  <testcase name="ComponentDosplayedonPatientBookingPage" time="16.278" classname="DashBoard.DashboardComponents"/>
  <testcase name="VerifyDashboardMenusDisplayedAndHide" time="12.289" classname="DashBoard.DashboardComponents"/>
  <testcase name="VerifyHelpIconOnDashboard" time="13.318" classname="DashBoard.DashboardComponents"/>
</testsuite> <!-- DashBoard.DashboardComponents -->
