<?xml version="1.0" encoding="UTF-8"?>
<!-- Generated by org.testng.reporters.JUnitReportReporter -->
<testsuite skipped="0" hostname="Admin-PC" name="DashBoard.Notification" tests="2" failures="0" timestamp="28 Jan 2019 10:30:10 GMT" time="53.808" errors="0">
  <testcase name="Login" time="40.007" classname="DashBoard.Notification"/>
  <testcase name="OpenNewNotification" time="13.801" classname="DashBoard.Notification"/>
</testsuite> <!-- DashBoard.Notification -->
