<?xml version="1.0" encoding="UTF-8"?>
<!-- Generated by org.testng.reporters.JUnitReportReporter -->
<testsuite skipped="0" hostname="Admin-PC" name="org.json.json.Clinic_Base_Page" tests="1" failures="0" timestamp="03 Jan 2019 05:58:08 GMT" time="8.005" errors="0">
  <testcase name="initializeBrowser" time="8.005" classname="org.json.json.Clinic_Base_Page"/>
</testsuite> <!-- org.json.json.Clinic_Base_Page -->
