<?xml version="1.0" encoding="UTF-8"?>
<!-- Generated by org.testng.reporters.JUnitReportReporter -->
<testsuite skipped="0" hostname="Admin-PC" name="inventoryOFClicnic.medicine" tests="3" failures="0" timestamp="13 May 2019 05:10:17 GMT" time="42.271" errors="0">
  <testcase name="Login" time="32.299" classname="inventoryOFClicnic.medicine"/>
  <testcase name="addmedicine" time="4.779" classname="inventoryOFClicnic.medicine"/>
  <testcase name="addmedicine" time="5.193" classname="inventoryOFClicnic.medicine"/>
</testsuite> <!-- inventoryOFClicnic.medicine -->
