<?xml version="1.0" encoding="UTF-8"?>
<!-- Generated by org.testng.reporters.JUnitReportReporter -->
<testsuite skipped="1" hostname="Admin-PC" name="com.main.BaseClass" tests="1" failures="0" timestamp="11 Jan 2019 06:51:42 GMT" time="0.000" errors="0">
  <testcase name="AddData" time="0.000" classname="com.main.BaseClass">
    <skipped/>
  </testcase> <!-- AddData -->
</testsuite> <!-- com.main.BaseClass -->
