<?xml version="1.0" encoding="UTF-8"?>
<!-- Generated by org.testng.reporters.JUnitReportReporter -->
<testsuite skipped="0" hostname="Admin-PC" name="Trenment.treatmentSettingTest" tests="9" failures="0" timestamp="22 Apr 2019 13:21:30 GMT" time="246.703" errors="0">
  <testcase name="Login" time="27.877" classname="Trenment.treatmentSettingTest"/>
  <testcase name="HappyFlowFromAddpatientToBilling" time="95.552" classname="Trenment.treatmentSettingTest"/>
  <testcase name="verifyAllCheckboxSelectedProper" time="14.553" classname="Trenment.treatmentSettingTest"/>
  <testcase name="verifyPulsesckboxIsNotSelected" time="14.208" classname="Trenment.treatmentSettingTest"/>
  <testcase name="verifyBloodcheckboxIsNotSelected" time="15.793" classname="Trenment.treatmentSettingTest"/>
  <testcase name="verifyTempCheckboxIsNotSelected" time="15.813" classname="Trenment.treatmentSettingTest"/>
  <testcase name="verifyR_RCheckboxIsNotSelected" time="14.364" classname="Trenment.treatmentSettingTest"/>
  <testcase name="verifyK_C_O_CheckboxisNotSelected" time="14.549" classname="Trenment.treatmentSettingTest"/>
  <testcase name="verifyCancaelButton" time="33.994" classname="Trenment.treatmentSettingTest"/>
</testsuite> <!-- Trenment.treatmentSettingTest -->
