<?xml version="1.0" encoding="UTF-8"?>
<!-- Generated by org.testng.reporters.JUnitReportReporter -->
<testsuite skipped="0" hostname="Admin-PC" name="jMeter.jmeterTest" tests="1" failures="0" timestamp="11 May 2019 05:49:11 GMT" time="4.422" errors="0">
  <testcase name="Test" time="4.422" classname="jMeter.jmeterTest"/>
</testsuite> <!-- jMeter.jmeterTest -->
