<?xml version="1.0" encoding="UTF-8"?>
<!-- Generated by org.testng.reporters.JUnitReportReporter -->
<testsuite skipped="0" hostname="Admin-PC" name="inventoryOFClicnic.purchaseOrder" tests="4" failures="0" timestamp="15 May 2019 03:59:35 GMT" time="80.566" errors="0">
  <testcase name="Login" time="32.342" classname="inventoryOFClicnic.purchaseOrder"/>
  <testcase name="addVendor" time="0.001" classname="inventoryOFClicnic.purchaseOrder"/>
  <testcase name="Shortage" time="36.856" classname="inventoryOFClicnic.purchaseOrder"/>
  <testcase name="ViewOrderlist" time="11.367" classname="inventoryOFClicnic.purchaseOrder"/>
</testsuite> <!-- inventoryOFClicnic.purchaseOrder -->
