<?xml version="1.0" encoding="UTF-8"?>
<!-- Generated by org.testng.reporters.JUnitReportReporter -->
<testsuite skipped="0" hostname="Admin-PC" name="Transaction.Handover" tests="5" failures="0" timestamp="27 May 2019 03:56:09 GMT" time="135.589" errors="0">
  <testcase name="Login" time="34.232" classname="Transaction.Handover"/>
  <testcase name="addEmployee" time="13.693" classname="Transaction.Handover"/>
  <testcase name="HandoverOperations" time="38.973" classname="Transaction.Handover"/>
  <testcase name="loginAgain" time="34.991" classname="Transaction.Handover"/>
  <testcase name="verifyhandover" time="13.700" classname="Transaction.Handover"/>
</testsuite> <!-- Transaction.Handover -->
