<?xml version="1.0" encoding="UTF-8"?>
<!-- Generated by org.testng.reporters.JUnitReportReporter -->
<testsuite skipped="0" hostname="Admin-PC" name="Setting.MyProfile" tests="2" failures="0" timestamp="25 May 2019 11:50:04 GMT" time="63.870" errors="0">
  <testcase name="Login" time="35.496" classname="Setting.MyProfile"/>
  <testcase name="EditMyProFile" time="28.374" classname="Setting.MyProfile"/>
</testsuite> <!-- Setting.MyProfile -->
