<?xml version="1.0" encoding="UTF-8"?>
<!-- Generated by org.testng.reporters.JUnitReportReporter -->
<testsuite skipped="0" hostname="Admin-PC" name="pages.loginTest" tests="1" failures="0" timestamp="03 Jan 2019 11:10:48 GMT" time="20.770" errors="0">
  <testcase name="browserinit" time="20.770" classname="pages.loginTest"/>
</testsuite> <!-- pages.loginTest -->
