<?xml version="1.0" encoding="UTF-8"?>
<!-- Generated by org.testng.reporters.JUnitReportReporter -->
<testsuite skipped="0" hostname="Admin-PC" name="DashBoard.BookApointmentFromDashboard" tests="4" failures="0" timestamp="24 Jan 2019 04:55:40 GMT" time="95.934" errors="0">
  <testcase name="SelectDateToBooKAppointment" time="23.958" classname="DashBoard.BookApointmentFromDashboard"/>
  <testcase name="VerifyDetailsFromBooKedAppointment" time="18.201" classname="DashBoard.BookApointmentFromDashboard"/>
  <testcase name="canceledBooKedAppointment" time="20.433" classname="DashBoard.BookApointmentFromDashboard"/>
  <testcase name="ComponentDosplayedonBookedPopUP" time="33.342" classname="DashBoard.BookApointmentFromDashboard"/>
</testsuite> <!-- DashBoard.BookApointmentFromDashboard -->
