<?xml version="1.0" encoding="UTF-8"?>
<!-- Generated by org.testng.reporters.JUnitReportReporter -->
<testsuite skipped="0" hostname="Admin-PC" name="Shopping.ShoppingTest" tests="7" failures="0" timestamp="24 May 2019 09:52:26 GMT" time="180.178" errors="0">
  <testcase name="Login" time="34.221" classname="Shopping.ShoppingTest"/>
  <testcase name="UploadSaleItems" time="44.915" classname="Shopping.ShoppingTest"/>
  <testcase name="EditAndVerufyItems" time="20.876" classname="Shopping.ShoppingTest"/>
  <testcase name="UploadMultipleImageInSale" time="22.952" classname="Shopping.ShoppingTest"/>
  <testcase name="BuyShoppingpostRequirment" time="16.794" classname="Shopping.ShoppingTest"/>
  <testcase name="BuyShoppingBypriceWiset" time="20.492" classname="Shopping.ShoppingTest"/>
  <testcase name="BuyShoppingByYear" time="19.928" classname="Shopping.ShoppingTest"/>
</testsuite> <!-- Shopping.ShoppingTest -->
