<?xml version="1.0" encoding="UTF-8"?>
<!-- Generated by org.testng.reporters.JUnitReportReporter -->
<testsuite skipped="0" hostname="Admin-PC" name="loginTest.LoginTest" tests="1" failures="0" timestamp="19 Apr 2019 13:40:19 GMT" time="8.242" errors="0">
  <testcase name="setup" time="8.242" classname="loginTest.LoginTest"/>
</testsuite> <!-- loginTest.LoginTest -->
