<?xml version="1.0" encoding="UTF-8"?>
<!-- Generated by org.testng.reporters.JUnitReportReporter -->
<testsuite skipped="0" hostname="Admin-PC" name="forrowrdFlow.PendingAndWithInventory" tests="2" failures="0" timestamp="29 May 2019 05:28:59 GMT" time="63.545" errors="0">
  <testcase name="Login" time="35.806" classname="forrowrdFlow.PendingAndWithInventory"/>
  <testcase name="selectOWNInventory" time="27.739" classname="forrowrdFlow.PendingAndWithInventory"/>
</testsuite> <!-- forrowrdFlow.PendingAndWithInventory -->
