<?xml version="1.0" encoding="UTF-8"?>
<!-- Generated by org.testng.reporters.JUnitReportReporter -->
<testsuite skipped="0" hostname="Admin-PC" name="inventoryOFClicnic.ClinicMedicines" tests="6" failures="0" timestamp="29 May 2019 05:14:28 GMT" time="102.233" errors="0">
  <testcase name="Login" time="31.495" classname="inventoryOFClicnic.ClinicMedicines"/>
  <testcase name="addmedicine" time="16.373" classname="inventoryOFClicnic.ClinicMedicines"/>
  <testcase name="verifyMedicinenewlyadded" time="9.964" classname="inventoryOFClicnic.ClinicMedicines"/>
  <testcase name="EditMedicinenewlyadded" time="17.539" classname="inventoryOFClicnic.ClinicMedicines"/>
  <testcase name="deleteMedicinenewlyadded" time="13.401" classname="inventoryOFClicnic.ClinicMedicines"/>
  <testcase name="addmedicine1" time="13.461" classname="inventoryOFClicnic.ClinicMedicines"/>
</testsuite> <!-- inventoryOFClicnic.ClinicMedicines -->
