<?xml version="1.0" encoding="UTF-8"?>
<!-- Generated by org.testng.reporters.JUnitReportReporter -->
<testsuite skipped="0" hostname="Admin-PC" name="Master.AddnewRole" tests="5" failures="0" timestamp="15 May 2019 06:52:46 GMT" time="94.943" errors="0">
  <testcase name="Login" time="38.470" classname="Master.AddnewRole"/>
  <testcase name="AddNewRol" time="15.854" classname="Master.AddnewRole"/>
  <testcase name="verifyNewAddedRolel" time="10.824" classname="Master.AddnewRole"/>
  <testcase name="EditNewAddedRolel" time="13.960" classname="Master.AddnewRole"/>
  <testcase name="DeleteNewAddedRolel" time="15.835" classname="Master.AddnewRole"/>
</testsuite> <!-- Master.AddnewRole -->
