<?xml version="1.0" encoding="UTF-8"?>
<!-- Generated by org.testng.reporters.JUnitReportReporter -->
<testsuite skipped="0" hostname="Admin-PC" name="DashBoard.Notification" tests="8" failures="0" timestamp="25 May 2019 11:50:04 GMT" time="139.319" errors="0">
  <testcase name="Login" time="32.000" classname="DashBoard.Notification"/>
  <testcase name="Login" time="32.836" classname="DashBoard.Notification"/>
  <testcase name="verifyComponentsOnNotification" time="11.899" classname="DashBoard.Notification"/>
  <testcase name="verifyComponentsOnNotification" time="12.753" classname="DashBoard.Notification"/>
  <testcase name="OperationsOnNotification" time="13.350" classname="DashBoard.Notification"/>
  <testcase name="OperationsOnNotification" time="13.296" classname="DashBoard.Notification"/>
  <testcase name="OpenNewNotification" time="12.373" classname="DashBoard.Notification"/>
  <testcase name="OpenNewNotification" time="10.812" classname="DashBoard.Notification"/>
</testsuite> <!-- DashBoard.Notification -->
