<?xml version="1.0" encoding="UTF-8"?>
<!-- Generated by org.testng.reporters.JUnitReportReporter -->
<testsuite skipped="0" hostname="Admin-PC" name="com.extenrreport.generateReport" tests="1" failures="0" timestamp="04 Feb 2019 10:47:05 GMT" time="1.064" errors="0">
  <testcase name="login" time="1.064" classname="com.extenrreport.generateReport"/>
</testsuite> <!-- com.extenrreport.generateReport -->
