<?xml version="1.0" encoding="UTF-8"?>
<!-- Generated by org.testng.reporters.JUnitReportReporter -->
<testsuite skipped="0" hostname="Admin-PC" name="AllReports.CollectionReport" tests="1" failures="0" timestamp="15 May 2019 04:41:57 GMT" time="37.868" errors="0">
  <testcase name="Login" time="37.868" classname="AllReports.CollectionReport"/>
</testsuite> <!-- AllReports.CollectionReport -->
