<?xml version="1.0" encoding="UTF-8"?>
<!-- Generated by org.testng.reporters.JUnitReportReporter -->
<testsuite skipped="0" hostname="Admin-PC" name="AddNumberofPatient.addPatient" tests="4" failures="0" timestamp="11 May 2019 09:42:05 GMT" time="133.718" errors="0">
  <testcase name="Login" time="38.768" classname="AddNumberofPatient.addPatient"/>
  <testcase name="Addpatientonly" time="38.576" classname="AddNumberofPatient.addPatient"/>
  <testcase name="Addpatientonly" time="27.212" classname="AddNumberofPatient.addPatient"/>
  <testcase name="Addpatientonly" time="29.162" classname="AddNumberofPatient.addPatient"/>
</testsuite> <!-- AddNumberofPatient.addPatient -->
