<?xml version="1.0" encoding="UTF-8"?>
<!-- Generated by org.testng.reporters.JUnitReportReporter -->
<testsuite skipped="0" hostname="Admin-PC" name="Transaction.Collection" tests="2" failures="0" timestamp="24 Apr 2019 09:58:54 GMT" time="51.697" errors="0">
  <testcase name="Login" time="31.366" classname="Transaction.Collection"/>
  <testcase name="componentsOnExpenditure" time="20.331" classname="Transaction.Collection"/>
</testsuite> <!-- Transaction.Collection -->
