<?xml version="1.0" encoding="UTF-8"?>
<!-- Generated by org.testng.reporters.JUnitReportReporter -->
<testsuite skipped="0" hostname="Admin-PC" name="Master.AddBranch" tests="3" failures="0" timestamp="25 May 2019 11:50:04 GMT" time="95.645" errors="0">
  <testcase name="Login" time="35.473" classname="Master.AddBranch"/>
  <testcase name="AddnewBranch" time="49.986" classname="Master.AddBranch"/>
  <testcase name="VerifyAddedBranch" time="10.186" classname="Master.AddBranch"/>
</testsuite> <!-- Master.AddBranch -->
