<?xml version="1.0" encoding="UTF-8"?>
<!-- Generated by org.testng.reporters.JUnitReportReporter -->
<testsuite skipped="0" hostname="Admin-PC" name="NoticeTest.NoticetTest" tests="5" failures="0" timestamp="21 May 2019 11:13:29 GMT" time="117.060" errors="0">
  <testcase name="Login" time="43.530" classname="NoticeTest.NoticetTest"/>
  <testcase name="addAndverifyNoticeAndCancel" time="21.990" classname="NoticeTest.NoticetTest"/>
  <testcase name="addAndverifyNotice" time="18.430" classname="NoticeTest.NoticetTest"/>
  <testcase name="updateNotice" time="14.754" classname="NoticeTest.NoticetTest"/>
  <testcase name="DeleteNotice" time="18.356" classname="NoticeTest.NoticetTest"/>
</testsuite> <!-- NoticeTest.NoticetTest -->
