<?xml version="1.0" encoding="UTF-8"?>
<!-- Generated by org.testng.reporters.JUnitReportReporter -->
<testsuite skipped="0" hostname="Admin-PC" name="Register.SMSSettingRegisterPage" tests="4" failures="0" timestamp="29 May 2019 05:14:28 GMT" time="144.011" errors="0">
  <testcase name="Login" time="0.000" classname="Register.SMSSettingRegisterPage"/>
  <testcase name="ConfirmDetailPage" time="47.997" classname="Register.SMSSettingRegisterPage"/>
  <testcase name="OperationInSMSSettingRegister" time="53.525" classname="Register.SMSSettingRegisterPage"/>
  <testcase name="SMSSettingRegisterComponentDisplayed" time="42.489" classname="Register.SMSSettingRegisterPage"/>
</testsuite> <!-- Register.SMSSettingRegisterPage -->
