<?xml version="1.0" encoding="UTF-8"?>
<!-- Generated by org.testng.reporters.JUnitReportReporter -->
<testsuite skipped="0" hostname="Admin-PC" name="inventoryOFClicnic.purchaseOrder" tests="4" failures="0" timestamp="29 May 2019 05:14:28 GMT" time="80.556" errors="0">
  <testcase name="Login" time="32.539" classname="inventoryOFClicnic.purchaseOrder"/>
  <testcase name="addVendor" time="0.001" classname="inventoryOFClicnic.purchaseOrder"/>
  <testcase name="ViewOrderlist" time="11.800" classname="inventoryOFClicnic.purchaseOrder"/>
  <testcase name="Shortage" time="36.216" classname="inventoryOFClicnic.purchaseOrder"/>
</testsuite> <!-- inventoryOFClicnic.purchaseOrder -->
