<?xml version="1.0" encoding="UTF-8"?>
<!-- Generated by org.testng.reporters.JUnitReportReporter -->
<testsuite skipped="0" hostname="Admin-PC" name="loginTest.CompleteLogin" tests="1" failures="0" timestamp="19 Apr 2019 13:40:19 GMT" time="24.157" errors="0">
  <testcase name="LoginComplete" time="24.157" classname="loginTest.CompleteLogin"/>
</testsuite> <!-- loginTest.CompleteLogin -->
