<?xml version="1.0" encoding="UTF-8"?>
<!-- Generated by org.testng.reporters.JUnitReportReporter -->
<testsuite skipped="0" hostname="Admin-PC" name="Setting.DashboardSetting" tests="2" failures="0" timestamp="24 May 2019 10:26:49 GMT" time="40.086" errors="0">
  <testcase name="Login" time="32.728" classname="Setting.DashboardSetting"/>
  <testcase name="dashboardsettingAllocatesettingToReceptionist" time="7.358" classname="Setting.DashboardSetting"/>
</testsuite> <!-- Setting.DashboardSetting -->
