<?xml version="1.0" encoding="UTF-8"?>
<!-- Generated by org.testng.reporters.JUnitReportReporter -->
<testsuite skipped="0" hostname="Admin-PC" name="Register.SMSSettingRegisterPage" tests="4" failures="0" timestamp="25 May 2019 11:50:04 GMT" time="151.711" errors="0">
  <testcase name="Login" time="0.001" classname="Register.SMSSettingRegisterPage"/>
  <testcase name="ConfirmDetailPage" time="47.480" classname="Register.SMSSettingRegisterPage"/>
  <testcase name="OperationInSMSSettingRegister" time="59.785" classname="Register.SMSSettingRegisterPage"/>
  <testcase name="SMSSettingRegisterComponentDisplayed" time="44.445" classname="Register.SMSSettingRegisterPage"/>
</testsuite> <!-- Register.SMSSettingRegisterPage -->
