<?xml version="1.0" encoding="UTF-8"?>
<!-- Generated by org.testng.reporters.JUnitReportReporter -->
<testsuite skipped="0" hostname="Admin-PC" name="Transaction.CollectionAndExpendituree" tests="8" failures="0" timestamp="29 May 2019 07:08:21 GMT" time="344.682" errors="0">
  <testcase name="Login" time="32.733" classname="Transaction.CollectionAndExpendituree"/>
  <testcase name="UnselectOWNInventory" time="19.395" classname="Transaction.CollectionAndExpendituree"/>
  <testcase name="HappyFlowFromAddpatientToBilling" time="138.675" classname="Transaction.CollectionAndExpendituree"/>
  <testcase name="VerifyCollection" time="18.380" classname="Transaction.CollectionAndExpendituree"/>
  <testcase name="componentsOnExpenditure" time="19.302" classname="Transaction.CollectionAndExpendituree"/>
  <testcase name="verifyPagination" time="36.695" classname="Transaction.CollectionAndExpendituree"/>
  <testcase name="verifyDatevalidation" time="41.412" classname="Transaction.CollectionAndExpendituree"/>
  <testcase name="editExpenditure" time="38.090" classname="Transaction.CollectionAndExpendituree"/>
</testsuite> <!-- Transaction.CollectionAndExpendituree -->
