<?xml version="1.0" encoding="UTF-8"?>
<!-- Generated by org.testng.reporters.JUnitReportReporter -->
<testsuite skipped="0" hostname="Admin-PC" name="pages.LoginAndLogout" tests="1" failures="0" timestamp="03 Jan 2019 10:51:46 GMT" time="8.574" errors="0">
  <testcase name="Abroin" time="8.574" classname="pages.LoginAndLogout"/>
</testsuite> <!-- pages.LoginAndLogout -->
