<?xml version="1.0" encoding="UTF-8"?>
<!-- Generated by org.testng.reporters.JUnitReportReporter -->
<testsuite skipped="0" hostname="Admin-PC" name="Register.Clinic_AdminDetailsTest" tests="5" failures="0" timestamp="29 May 2019 05:14:28 GMT" time="130.726" errors="0">
  <testcase name="Login" time="0.000" classname="Register.Clinic_AdminDetailsTest"/>
  <testcase name="componentClinic_AdminDetailsStep_1_isDisplayed" time="44.854" classname="Register.Clinic_AdminDetailsTest"/>
  <testcase name="validationClinic_AdminDetailsStep_1_isDisplayed" time="31.498" classname="Register.Clinic_AdminDetailsTest"/>
  <testcase name="componentClinic_AdminDetailsStep_2_isDisplayed" time="29.010" classname="Register.Clinic_AdminDetailsTest"/>
  <testcase name="Register" time="25.364" classname="Register.Clinic_AdminDetailsTest"/>
</testsuite> <!-- Register.Clinic_AdminDetailsTest -->
