<?xml version="1.0" encoding="UTF-8"?>
<!-- Generated by org.testng.reporters.JUnitReportReporter -->
<testsuite skipped="0" hostname="Admin-PC" name="Inventory.Vendor" tests="2" failures="0" timestamp="27 Apr 2019 07:03:27 GMT" time="37.343" errors="0">
  <testcase name="Login" time="37.338" classname="Inventory.Vendor"/>
  <testcase name="addEmployee" time="0.005" classname="Inventory.Vendor"/>
</testsuite> <!-- Inventory.Vendor -->
