<?xml version="1.0" encoding="UTF-8"?>
<!-- Generated by org.testng.reporters.JUnitReportReporter -->
<testsuite skipped="0" hostname="Admin-PC" name="Register.ModuleSectionAndBilling" tests="4" failures="0" timestamp="29 May 2019 05:14:28 GMT" time="123.643" errors="0">
  <testcase name="Login" time="0.000" classname="Register.ModuleSectionAndBilling"/>
  <testcase name="ComponentDisplayedOnModuleSectionAndBilling" time="34.550" classname="Register.ModuleSectionAndBilling"/>
  <testcase name="PREVOnModuleSectionAndBilling" time="34.903" classname="Register.ModuleSectionAndBilling"/>
  <testcase name="OperationModuleSectionAndBilling" time="54.190" classname="Register.ModuleSectionAndBilling"/>
</testsuite> <!-- Register.ModuleSectionAndBilling -->
