<?xml version="1.0" encoding="UTF-8"?>
<!-- Generated by org.testng.reporters.JUnitReportReporter -->
<testsuite skipped="0" hostname="Admin-PC" name="Setting.AddPatientSetting" tests="8" failures="0" timestamp="27 May 2019 03:28:37 GMT" time="170.950" errors="0">
  <testcase name="Login" time="32.088" classname="Setting.AddPatientSetting"/>
  <testcase name="AddPatientSetting" time="36.631" classname="Setting.AddPatientSetting"/>
  <testcase name="emailSetting" time="12.900" classname="Setting.AddPatientSetting"/>
  <testcase name="TreatmentPropertiesSettingPDFSIGN" time="21.728" classname="Setting.AddPatientSetting"/>
  <testcase name="TreatmentPropertiesSettingFollowup" time="24.573" classname="Setting.AddPatientSetting"/>
  <testcase name="BdaySMSsetting" time="26.799" classname="Setting.AddPatientSetting"/>
  <testcase name="RevertAddPatientSetting" time="16.060" classname="Setting.AddPatientSetting"/>
  <testcase name="close" time="0.171" classname="Setting.AddPatientSetting"/>
</testsuite> <!-- Setting.AddPatientSetting -->
