<?xml version="1.0" encoding="UTF-8"?>
<!-- Generated by org.testng.reporters.JUnitReportReporter -->
<testsuite skipped="0" hostname="Admin-PC" name="Appointment.BookAppointmentFromAddPatientAppointmentPage" tests="2" failures="0" timestamp="29 May 2019 05:14:28 GMT" time="97.643" errors="0">
  <testcase name="Login" time="33.790" classname="Appointment.BookAppointmentFromAddPatientAppointmentPage"/>
  <testcase name="AddpatientFromAppointmentPage" time="63.853" classname="Appointment.BookAppointmentFromAddPatientAppointmentPage"/>
</testsuite> <!-- Appointment.BookAppointmentFromAddPatientAppointmentPage -->
