<?xml version="1.0" encoding="UTF-8"?>
<!-- Generated by org.testng.reporters.JUnitReportReporter -->
<testsuite skipped="0" hostname="Admin-PC" name="Trenment.treatmentSettingTest" tests="9" failures="0" timestamp="29 May 2019 05:14:28 GMT" time="266.466" errors="0">
  <testcase name="Login" time="48.135" classname="Trenment.treatmentSettingTest"/>
  <testcase name="HappyFlowFromAddpatientToBilling" time="87.113" classname="Trenment.treatmentSettingTest"/>
  <testcase name="verifyAllCheckboxSelectedProper" time="18.091" classname="Trenment.treatmentSettingTest"/>
  <testcase name="verifyPulsesckboxIsNotSelected" time="14.903" classname="Trenment.treatmentSettingTest"/>
  <testcase name="verifyBloodcheckboxIsNotSelected" time="17.891" classname="Trenment.treatmentSettingTest"/>
  <testcase name="verifyTempCheckboxIsNotSelected" time="17.028" classname="Trenment.treatmentSettingTest"/>
  <testcase name="verifyR_RCheckboxIsNotSelected" time="13.938" classname="Trenment.treatmentSettingTest"/>
  <testcase name="verifyK_C_O_CheckboxisNotSelected" time="16.986" classname="Trenment.treatmentSettingTest"/>
  <testcase name="verifyCancaelButton" time="32.381" classname="Trenment.treatmentSettingTest"/>
</testsuite> <!-- Trenment.treatmentSettingTest -->
