<?xml version="1.0" encoding="UTF-8"?>
<!-- Generated by org.testng.reporters.JUnitReportReporter -->
<testsuite skipped="0" hostname="Admin-PC" name="com.login.LoginPage" tests="4" failures="0" timestamp="09 Jan 2019 13:40:22 GMT" time="0.259" errors="0">
  <testcase name="headerLogin" time="0.060" classname="com.login.LoginPage"/>
  <testcase name="headerDrLine" time="0.072" classname="com.login.LoginPage"/>
  <testcase name="LoginLink" time="0.059" classname="com.login.LoginPage"/>
  <testcase name="ForgotPasswordLink" time="0.068" classname="com.login.LoginPage"/>
</testsuite> <!-- com.login.LoginPage -->
