<?xml version="1.0" encoding="UTF-8"?>
<!-- Generated by org.testng.reporters.JUnitReportReporter -->
<testsuite skipped="0" hostname="Admin-PC" name="Setting.SettingAllocation" tests="2" failures="0" timestamp="06 Feb 2019 12:34:31 GMT" time="304.065" errors="0">
  <testcase name="Login" time="48.472" classname="Setting.SettingAllocation"/>
  <testcase name="VerifyAddpatientSetting" time="255.593" classname="Setting.SettingAllocation"/>
</testsuite> <!-- Setting.SettingAllocation -->
