<?xml version="1.0" encoding="UTF-8"?>
<!-- Generated by org.testng.reporters.JUnitReportReporter -->
<testsuite skipped="0" hostname="Admin-PC" name="DashBoard.Notification" tests="8" failures="0" timestamp="29 May 2019 05:14:28 GMT" time="142.307" errors="0">
  <testcase name="Login" time="33.031" classname="DashBoard.Notification"/>
  <testcase name="Login" time="34.898" classname="DashBoard.Notification"/>
  <testcase name="verifyComponentsOnNotification" time="14.349" classname="DashBoard.Notification"/>
  <testcase name="verifyComponentsOnNotification" time="13.876" classname="DashBoard.Notification"/>
  <testcase name="OperationsOnNotification" time="12.292" classname="DashBoard.Notification"/>
  <testcase name="OperationsOnNotification" time="12.668" classname="DashBoard.Notification"/>
  <testcase name="OpenNewNotification" time="10.587" classname="DashBoard.Notification"/>
  <testcase name="OpenNewNotification" time="10.606" classname="DashBoard.Notification"/>
</testsuite> <!-- DashBoard.Notification -->
