<?xml version="1.0" encoding="UTF-8"?>
<!-- Generated by org.testng.reporters.JUnitReportReporter -->
<testsuite skipped="0" hostname="Admin-PC" name="Setting.AddPatientSetting" tests="7" failures="0" timestamp="25 May 2019 05:40:36 GMT" time="160.035" errors="0">
  <testcase name="Login" time="35.220" classname="Setting.AddPatientSetting"/>
  <testcase name="AddPatientSetting" time="37.839" classname="Setting.AddPatientSetting"/>
  <testcase name="emailSetting" time="12.728" classname="Setting.AddPatientSetting"/>
  <testcase name="TreatmentPropertiesSettingPDFSIGN" time="21.784" classname="Setting.AddPatientSetting"/>
  <testcase name="TreatmentPropertiesSettingFollowup" time="26.957" classname="Setting.AddPatientSetting"/>
  <testcase name="BdaySMSsetting" time="25.343" classname="Setting.AddPatientSetting"/>
  <testcase name="close" time="0.164" classname="Setting.AddPatientSetting"/>
</testsuite> <!-- Setting.AddPatientSetting -->
