<?xml version="1.0" encoding="UTF-8"?>
<!-- Generated by org.testng.reporters.JUnitReportReporter -->
<testsuite skipped="0" hostname="Admin-PC" name="Register.RegisterPaymentmode" tests="3" failures="0" timestamp="29 May 2019 05:14:28 GMT" time="89.452" errors="0">
  <testcase name="Login" time="0.000" classname="Register.RegisterPaymentmode"/>
  <testcase name="componentsDisplayedonRegisterPaymentmodepage" time="36.038" classname="Register.RegisterPaymentmode"/>
  <testcase name="PREVButtonFunctionality" time="53.414" classname="Register.RegisterPaymentmode"/>
</testsuite> <!-- Register.RegisterPaymentmode -->
