<?xml version="1.0" encoding="UTF-8"?>
<!-- Generated by org.testng.reporters.JUnitReportReporter -->
<testsuite skipped="0" hostname="Admin-PC" name="inventoryOFClicnic.Vendor_test" tests="4" failures="0" timestamp="24 May 2019 12:07:11 GMT" time="110.648" errors="0">
  <testcase name="Login" time="34.709" classname="inventoryOFClicnic.Vendor_test"/>
  <testcase name="addVendor" time="41.730" classname="inventoryOFClicnic.Vendor_test"/>
  <testcase name="verifyVendor" time="9.768" classname="inventoryOFClicnic.Vendor_test"/>
  <testcase name="EditvendorandVerifyVendor" time="24.441" classname="inventoryOFClicnic.Vendor_test"/>
</testsuite> <!-- inventoryOFClicnic.Vendor_test -->
