<?xml version="1.0" encoding="UTF-8"?>
<!-- Generated by org.testng.reporters.JUnitReportReporter -->
<testsuite skipped="0" hostname="Admin-PC" name="AllReports.patientReports" tests="3" failures="0" timestamp="26 Apr 2019 12:26:04 GMT" time="85.267" errors="0">
  <testcase name="Login" time="25.807" classname="AllReports.patientReports"/>
  <testcase name="Paginition" time="41.883" classname="AllReports.patientReports"/>
  <testcase name="verifyCollectionstReport" time="17.577" classname="AllReports.patientReports"/>
</testsuite> <!-- AllReports.patientReports -->
