<?xml version="1.0" encoding="UTF-8"?>
<!-- Generated by org.testng.reporters.JUnitReportReporter -->
<testsuite skipped="0" hostname="Admin-PC" name="Shopping.ShoppingTest" tests="7" failures="0" timestamp="29 May 2019 05:14:28 GMT" time="174.698" errors="0">
  <testcase name="Login" time="33.039" classname="Shopping.ShoppingTest"/>
  <testcase name="UploadSaleItems" time="46.972" classname="Shopping.ShoppingTest"/>
  <testcase name="EditAndVerufyItems" time="21.375" classname="Shopping.ShoppingTest"/>
  <testcase name="UploadMultipleImageInSale" time="23.079" classname="Shopping.ShoppingTest"/>
  <testcase name="BuyShoppingpostRequirment" time="16.873" classname="Shopping.ShoppingTest"/>
  <testcase name="BuyShoppingBypriceWiset" time="17.127" classname="Shopping.ShoppingTest"/>
  <testcase name="BuyShoppingByYear" time="16.233" classname="Shopping.ShoppingTest"/>
</testsuite> <!-- Shopping.ShoppingTest -->
