<?xml version="1.0" encoding="UTF-8"?>
<!-- Generated by org.testng.reporters.JUnitReportReporter -->
<testsuite skipped="0" hostname="Admin-PC" name="forrowrdFlow.PendingAndWithInventory" tests="1" failures="0" timestamp="15 May 2019 04:15:21 GMT" time="33.127" errors="0">
  <testcase name="Login" time="33.127" classname="forrowrdFlow.PendingAndWithInventory"/>
</testsuite> <!-- forrowrdFlow.PendingAndWithInventory -->
