<?xml version="1.0" encoding="UTF-8"?>
<!-- Generated by org.testng.reporters.JUnitReportReporter -->
<testsuite skipped="0" hostname="Admin-PC" name="DashBoard.DashboardComponents" tests="8" failures="0" timestamp="25 May 2019 11:50:04 GMT" time="72.416" errors="0">
  <testcase name="setup" time="11.724" classname="DashBoard.DashboardComponents"/>
  <testcase name="Login" time="24.490" classname="DashBoard.DashboardComponents"/>
  <testcase name="MenuDisplayedOnDashboard" time="0.645" classname="DashBoard.DashboardComponents"/>
  <testcase name="ComponentDosplayedonDashboard" time="0.082" classname="DashBoard.DashboardComponents"/>
  <testcase name="VerifyDashboardText" time="0.253" classname="DashBoard.DashboardComponents"/>
  <testcase name="ComponentDosplayedonPatientBookingPage" time="12.823" classname="DashBoard.DashboardComponents"/>
  <testcase name="VerifyDashboardMenusDisplayedAndHide" time="12.181" classname="DashBoard.DashboardComponents"/>
  <testcase name="VerifyHelpIconOnDashboard" time="10.218" classname="DashBoard.DashboardComponents"/>
</testsuite> <!-- DashBoard.DashboardComponents -->
