<?xml version="1.0" encoding="UTF-8"?>
<!-- Generated by org.testng.reporters.JUnitReportReporter -->
<testsuite skipped="0" hostname="Admin-PC" name="inventoryOFClicnic.Vendor_test" tests="4" failures="0" timestamp="29 May 2019 05:14:28 GMT" time="114.590" errors="0">
  <testcase name="Login" time="36.297" classname="inventoryOFClicnic.Vendor_test"/>
  <testcase name="addVendor" time="41.887" classname="inventoryOFClicnic.Vendor_test"/>
  <testcase name="verifyVendor" time="9.954" classname="inventoryOFClicnic.Vendor_test"/>
  <testcase name="EditvendorandVerifyVendor" time="26.452" classname="inventoryOFClicnic.Vendor_test"/>
</testsuite> <!-- inventoryOFClicnic.Vendor_test -->
