<?xml version="1.0" encoding="UTF-8"?>
<!-- Generated by org.testng.reporters.JUnitReportReporter -->
<testsuite skipped="0" hostname="Admin-PC" name="forrowrdFlow.paidFromPatienBillingtest" tests="2" failures="0" timestamp="29 May 2019 05:14:28 GMT" time="177.743" errors="0">
  <testcase name="Login" time="32.339" classname="forrowrdFlow.paidFromPatienBillingtest"/>
  <testcase name="PaidFromPatientBilling" time="145.404" classname="forrowrdFlow.paidFromPatienBillingtest"/>
</testsuite> <!-- forrowrdFlow.paidFromPatienBillingtest -->
