<?xml version="1.0" encoding="UTF-8"?>
<!-- Generated by org.testng.reporters.JUnitReportReporter -->
<testsuite skipped="0" hostname="Admin-PC" name="Master.AddnewRole" tests="5" failures="0" timestamp="25 May 2019 11:50:04 GMT" time="94.410" errors="0">
  <testcase name="Login" time="38.466" classname="Master.AddnewRole"/>
  <testcase name="AddNewRol" time="16.042" classname="Master.AddnewRole"/>
  <testcase name="verifyNewAddedRolel" time="10.191" classname="Master.AddnewRole"/>
  <testcase name="EditNewAddedRolel" time="14.213" classname="Master.AddnewRole"/>
  <testcase name="DeleteNewAddedRolel" time="15.498" classname="Master.AddnewRole"/>
</testsuite> <!-- Master.AddnewRole -->
