<?xml version="1.0" encoding="UTF-8"?>
<!-- Generated by org.testng.reporters.JUnitReportReporter -->
<testsuite skipped="0" hostname="Admin-PC" name="inventoryOFClicnic.ClinicMedicines" tests="6" failures="0" timestamp="15 May 2019 03:59:35 GMT" time="99.071" errors="0">
  <testcase name="Login" time="33.603" classname="inventoryOFClicnic.ClinicMedicines"/>
  <testcase name="addmedicine" time="14.509" classname="inventoryOFClicnic.ClinicMedicines"/>
  <testcase name="verifyMedicinenewlyadded" time="9.272" classname="inventoryOFClicnic.ClinicMedicines"/>
  <testcase name="EditMedicinenewlyadded" time="16.396" classname="inventoryOFClicnic.ClinicMedicines"/>
  <testcase name="deleteMedicinenewlyadded" time="12.326" classname="inventoryOFClicnic.ClinicMedicines"/>
  <testcase name="addmedicine1" time="12.965" classname="inventoryOFClicnic.ClinicMedicines"/>
</testsuite> <!-- inventoryOFClicnic.ClinicMedicines -->
