<?xml version="1.0" encoding="UTF-8"?>
<!-- Generated by org.testng.reporters.JUnitReportReporter -->
<testsuite skipped="0" hostname="Admin-PC" name="Register.ModuleSectionAndBilling" tests="4" failures="0" timestamp="25 May 2019 11:50:04 GMT" time="132.286" errors="0">
  <testcase name="Login" time="0.019" classname="Register.ModuleSectionAndBilling"/>
  <testcase name="ComponentDisplayedOnModuleSectionAndBilling" time="35.848" classname="Register.ModuleSectionAndBilling"/>
  <testcase name="PREVOnModuleSectionAndBilling" time="40.990" classname="Register.ModuleSectionAndBilling"/>
  <testcase name="OperationModuleSectionAndBilling" time="55.429" classname="Register.ModuleSectionAndBilling"/>
</testsuite> <!-- Register.ModuleSectionAndBilling -->
