<?xml version="1.0" encoding="UTF-8"?>
<!-- Generated by org.testng.reporters.JUnitReportReporter -->
<testsuite skipped="0" hostname="Admin-PC" name="Transaction.CollectionAndExpendituree" tests="8" failures="0" timestamp="25 Apr 2019 10:34:40 GMT" time="361.101" errors="0">
  <testcase name="Login" time="28.550" classname="Transaction.CollectionAndExpendituree"/>
  <testcase name="UnselectOWNInventory" time="14.145" classname="Transaction.CollectionAndExpendituree"/>
  <testcase name="HappyFlowFromAddpatientToBilling" time="144.141" classname="Transaction.CollectionAndExpendituree"/>
  <testcase name="VerifyCollection" time="20.837" classname="Transaction.CollectionAndExpendituree"/>
  <testcase name="componentsOnExpenditure" time="24.191" classname="Transaction.CollectionAndExpendituree"/>
  <testcase name="verifyPagination" time="44.328" classname="Transaction.CollectionAndExpendituree"/>
  <testcase name="verifyDatevalidation" time="45.264" classname="Transaction.CollectionAndExpendituree"/>
  <testcase name="editExpenditure" time="39.645" classname="Transaction.CollectionAndExpendituree"/>
</testsuite> <!-- Transaction.CollectionAndExpendituree -->
