<?xml version="1.0" encoding="UTF-8"?>
<!-- Generated by org.testng.reporters.JUnitReportReporter -->
<testsuite skipped="0" hostname="Admin-PC" name="Register.PaymentRegister" tests="3" failures="0" timestamp="25 May 2019 11:50:04 GMT" time="284.827" errors="0">
  <testcase name="Login" time="0.019" classname="Register.PaymentRegister"/>
  <testcase name="PayLaterPaymentRegisterpage" time="42.827" classname="Register.PaymentRegister"/>
  <testcase name="PayNowPaymentRegisterpage" time="241.981" classname="Register.PaymentRegister"/>
</testsuite> <!-- Register.PaymentRegister -->
