<?xml version="1.0" encoding="UTF-8"?>
<!-- Generated by org.testng.reporters.JUnitReportReporter -->
<testsuite skipped="0" hostname="Admin-PC" name="FollowUpPriscription.followUpPriscription" tests="3" failures="0" timestamp="22 Apr 2019 10:28:20 GMT" time="209.456" errors="0">
  <testcase name="Login" time="31.184" classname="FollowUpPriscription.followUpPriscription"/>
  <testcase name="UnselectOWNInventory" time="16.101" classname="FollowUpPriscription.followUpPriscription"/>
  <testcase name="HappyFlowFromAddpatientToBilling" time="162.171" classname="FollowUpPriscription.followUpPriscription"/>
</testsuite> <!-- FollowUpPriscription.followUpPriscription -->
