<?xml version="1.0" encoding="UTF-8"?>
<!-- Generated by org.testng.reporters.JUnitReportReporter -->
<testsuite skipped="0" hostname="Admin-PC" name="Register.CompleteRegisterClinic" tests="2" failures="0" timestamp="29 May 2019 05:14:28 GMT" time="49.075" errors="0">
  <testcase name="Login" time="0.000" classname="Register.CompleteRegisterClinic"/>
  <testcase name="RegisterWithoutRef" time="49.075" classname="Register.CompleteRegisterClinic"/>
</testsuite> <!-- Register.CompleteRegisterClinic -->
