<?xml version="1.0" encoding="UTF-8"?>
<!-- Generated by org.testng.reporters.JUnitReportReporter -->
<testsuite skipped="0" hostname="Admin-PC" name="DashBoard.BookApointmentFromDashboard" tests="5" failures="0" timestamp="25 May 2019 11:50:04 GMT" time="120.230" errors="0">
  <testcase name="Login" time="32.397" classname="DashBoard.BookApointmentFromDashboard"/>
  <testcase name="SelectDateToBooKAppointment" time="19.777" classname="DashBoard.BookApointmentFromDashboard"/>
  <testcase name="VerifyDetailsFromBooKedAppointment" time="16.902" classname="DashBoard.BookApointmentFromDashboard"/>
  <testcase name="canceledBooKedAppointment" time="20.045" classname="DashBoard.BookApointmentFromDashboard"/>
  <testcase name="ComponentDosplayedonBookedPopUP" time="31.109" classname="DashBoard.BookApointmentFromDashboard"/>
</testsuite> <!-- DashBoard.BookApointmentFromDashboard -->
