<?xml version="1.0" encoding="UTF-8"?>
<!-- Generated by org.testng.reporters.JUnitReportReporter -->
<testsuite skipped="0" hostname="Admin-PC" name="org.json.json.Demo" tests="1" failures="0" timestamp="03 Jan 2019 11:19:36 GMT" time="0.721" errors="0">
  <testcase name="excelread" time="0.721" classname="org.json.json.Demo"/>
</testsuite> <!-- org.json.json.Demo -->
