<?xml version="1.0" encoding="UTF-8"?>
<!-- Generated by org.testng.reporters.JUnitReportReporter -->
<testsuite skipped="0" hostname="Admin-PC" name="Master.AddNewEmployeeTest" tests="2" failures="0" timestamp="25 May 2019 11:50:04 GMT" time="69.170" errors="0">
  <testcase name="Login" time="34.488" classname="Master.AddNewEmployeeTest"/>
  <testcase name="addEmployee" time="34.682" classname="Master.AddNewEmployeeTest"/>
</testsuite> <!-- Master.AddNewEmployeeTest -->
