<?xml version="1.0" encoding="UTF-8"?>
<!-- Generated by org.testng.reporters.JUnitReportReporter -->
<testsuite skipped="0" hostname="Admin-PC" name="Appointment.BookAppointmentFromAddPatientAppointmentPage" tests="2" failures="0" timestamp="17 Apr 2019 12:47:10 GMT" time="77.238" errors="0">
  <testcase name="Login" time="21.995" classname="Appointment.BookAppointmentFromAddPatientAppointmentPage"/>
  <testcase name="AddpatientFromAppointmentPage" time="55.243" classname="Appointment.BookAppointmentFromAddPatientAppointmentPage"/>
</testsuite> <!-- Appointment.BookAppointmentFromAddPatientAppointmentPage -->
