<?xml version="1.0" encoding="UTF-8"?>
<!-- Generated by org.testng.reporters.JUnitReportReporter -->
<testsuite skipped="0" hostname="Admin-PC" name="Appointment.ValidationOnAddPatientPage" tests="4" failures="0" timestamp="29 May 2019 05:14:28 GMT" time="235.649" errors="0">
  <testcase name="Login" time="35.414" classname="Appointment.ValidationOnAddPatientPage"/>
  <testcase name="componentsDisplayed" time="13.860" classname="Appointment.ValidationOnAddPatientPage"/>
  <testcase name="ValidationOnAddpatient" time="146.887" classname="Appointment.ValidationOnAddPatientPage"/>
  <testcase name="SearchFunctionalityOnAppointmentPage" time="39.488" classname="Appointment.ValidationOnAddPatientPage"/>
</testsuite> <!-- Appointment.ValidationOnAddPatientPage -->
